# Logfile created on 2014-10-08 10:18:04 -0500 by logger.rb/41954
2014-10-08T15:18:05.401Z 78135 TID-oxdwmg57s INFO: Running in ruby 2.0.0p481 (2014-05-08 revision 45883) [universal.x86_64-darwin13]
2014-10-08T15:18:05.401Z 78135 TID-oxdwmg57s INFO: See LICENSE and the LGPL-3.0 for licensing details.
2014-10-08T15:18:05.401Z 78135 TID-oxdwmg57s INFO: Upgrade to Sidekiq Pro for more features and support: http://sidekiq.org/pro
2014-10-08T15:18:05.401Z 78135 TID-oxdwmg57s INFO: Starting processing, hit Ctrl-C to stop
2014-10-08T15:18:05.527Z 78135 TID-oxdwt10lc INFO: Booting Sidekiq 3.2.5 with redis options {}
2014-10-08T15:18:05.527Z 78135 TID-oxdwngdh4 INFO: Booting Sidekiq 3.2.5 with redis options {}
2014-10-08T15:18:05.528Z 78135 TID-oxdwt10lc ERROR: Error fetching message: Error connecting to Redis on 127.0.0.1:6379 (ECONNREFUSED)
2014-10-08T15:18:05.528Z 78135 TID-oxdwt10lc ERROR: /Library/Ruby/Gems/2.0.0/gems/redis-3.1.0/lib/redis/client.rb:309:in `rescue in establish_connection'
2014-10-08T15:18:05.528Z 78135 TID-oxdwngdh4 ERROR: heartbeat: Error connecting to Redis on 127.0.0.1:6379 (ECONNREFUSED)
2014-10-08T15:18:05.528Z 78135 TID-oxdwt10lc ERROR: /Library/Ruby/Gems/2.0.0/gems/redis-3.1.0/lib/redis/client.rb:304:in `establish_connection'
2014-10-08T15:18:05.528Z 78135 TID-oxdwt10lc ERROR: /Library/Ruby/Gems/2.0.0/gems/redis-3.1.0/lib/redis/client.rb:85:in `block in connect'
2014-10-08T15:18:05.528Z 78135 TID-oxdwt10lc ERROR: /Library/Ruby/Gems/2.0.0/gems/redis-3.1.0/lib/redis/client.rb:266:in `with_reconnect'
2014-10-08T15:18:05.528Z 78135 TID-oxdwt10lc ERROR: /Library/Ruby/Gems/2.0.0/gems/redis-3.1.0/lib/redis/client.rb:84:in `connect'
2014-10-08T15:18:05.528Z 78135 TID-oxdwt10lc ERROR: /Library/Ruby/Gems/2.0.0/gems/redis-3.1.0/lib/redis/client.rb:249:in `with_socket_timeout'
2014-10-08T15:18:05.528Z 78135 TID-oxdwt10lc ERROR: /Library/Ruby/Gems/2.0.0/gems/redis-3.1.0/lib/redis/client.rb:184:in `call_with_timeout'
2014-10-08T15:18:05.528Z 78135 TID-oxdwt10lc ERROR: /Library/Ruby/Gems/2.0.0/gems/redis-3.1.0/lib/redis.rb:1059:in `block in _bpop'
2014-10-08T15:18:05.528Z 78135 TID-oxdwt10lc ERROR: /Library/Ruby/Gems/2.0.0/gems/redis-3.1.0/lib/redis.rb:37:in `block in synchronize'
2014-10-08T15:18:05.528Z 78135 TID-oxdwt10lc ERROR: /System/Library/Frameworks/Ruby.framework/Versions/2.0/usr/lib/ruby/2.0.0/monitor.rb:211:in `mon_synchronize'
2014-10-08T15:18:05.528Z 78135 TID-oxdwt10lc ERROR: /Library/Ruby/Gems/2.0.0/gems/redis-3.1.0/lib/redis.rb:37:in `synchronize'
2014-10-08T15:18:05.528Z 78135 TID-oxdwt10lc ERROR: /Library/Ruby/Gems/2.0.0/gems/redis-3.1.0/lib/redis.rb:1056:in `_bpop'
2014-10-08T15:18:05.528Z 78135 TID-oxdwt10lc ERROR: /Library/Ruby/Gems/2.0.0/gems/redis-3.1.0/lib/redis.rb:1101:in `brpop'
2014-10-08T15:18:05.528Z 78135 TID-oxdwt10lc ERROR: /Library/Ruby/Gems/2.0.0/gems/sidekiq-3.2.5/lib/sidekiq/fetch.rb:102:in `block in retrieve_work'
2014-10-08T15:18:05.528Z 78135 TID-oxdwt10lc ERROR: /Library/Ruby/Gems/2.0.0/gems/connection_pool-2.0.0/lib/connection_pool.rb:58:in `with'
2014-10-08T15:18:05.528Z 78135 TID-oxdwt10lc ERROR: /Library/Ruby/Gems/2.0.0/gems/sidekiq-3.2.5/lib/sidekiq.rb:72:in `redis'
2014-10-08T15:18:05.528Z 78135 TID-oxdwt10lc ERROR: /Library/Ruby/Gems/2.0.0/gems/sidekiq-3.2.5/lib/sidekiq/fetch.rb:102:in `retrieve_work'
2014-10-08T15:18:05.528Z 78135 TID-oxdwt10lc ERROR: /Library/Ruby/Gems/2.0.0/gems/sidekiq-3.2.5/lib/sidekiq/fetch.rb:37:in `block in fetch'
2014-10-08T15:18:05.528Z 78135 TID-oxdwt10lc ERROR: /Library/Ruby/Gems/2.0.0/gems/sidekiq-3.2.5/lib/sidekiq/util.rb:15:in `watchdog'
2014-10-08T15:18:05.528Z 78135 TID-oxdwt10lc ERROR: /Library/Ruby/Gems/2.0.0/gems/sidekiq-3.2.5/lib/sidekiq/fetch.rb:33:in `fetch'
2014-10-08T15:18:05.528Z 78135 TID-oxdwt10lc ERROR: /Library/Ruby/Gems/2.0.0/gems/celluloid-0.15.2/lib/celluloid/calls.rb:25:in `public_send'
2014-10-08T15:18:05.528Z 78135 TID-oxdwt10lc ERROR: /Library/Ruby/Gems/2.0.0/gems/celluloid-0.15.2/lib/celluloid/calls.rb:25:in `dispatch'
2014-10-08T15:18:05.528Z 78135 TID-oxdwt10lc ERROR: /Library/Ruby/Gems/2.0.0/gems/celluloid-0.15.2/lib/celluloid/calls.rb:122:in `dispatch'
2014-10-08T15:18:05.528Z 78135 TID-oxdwt10lc ERROR: /Library/Ruby/Gems/2.0.0/gems/celluloid-0.15.2/lib/celluloid/actor.rb:322:in `block in handle_message'
2014-10-08T15:18:05.528Z 78135 TID-oxdwt10lc ERROR: /Library/Ruby/Gems/2.0.0/gems/celluloid-0.15.2/lib/celluloid/actor.rb:416:in `block in task'
2014-10-08T15:18:05.528Z 78135 TID-oxdwt10lc ERROR: /Library/Ruby/Gems/2.0.0/gems/celluloid-0.15.2/lib/celluloid/tasks.rb:55:in `block in initialize'
2014-10-08T15:18:05.528Z 78135 TID-oxdwt10lc ERROR: /Library/Ruby/Gems/2.0.0/gems/celluloid-0.15.2/lib/celluloid/tasks/task_fiber.rb:13:in `block in create'
2014-10-08T15:18:10.530Z 78135 TID-oxdwngdh4 ERROR: heartbeat: Error connecting to Redis on 127.0.0.1:6379 (ECONNREFUSED)
2014-10-08T15:18:15.532Z 78135 TID-oxdwngdh4 ERROR: heartbeat: Error connecting to Redis on 127.0.0.1:6379 (ECONNREFUSED)
2014-10-08T15:18:20.492Z 78135 TID-oxdwsqiw4 ERROR: Error connecting to Redis on 127.0.0.1:6379 (ECONNREFUSED)
2014-10-08T15:18:20.492Z 78135 TID-oxdwsqiw4 ERROR: /Library/Ruby/Gems/2.0.0/gems/redis-3.1.0/lib/redis/client.rb:309:in `rescue in establish_connection'
2014-10-08T15:18:20.493Z 78135 TID-oxdwsqiw4 WARN: {:context=>"scheduling poller thread died!"}
2014-10-08T15:18:20.493Z 78135 TID-oxdwsqiw4 WARN: Error connecting to Redis on 127.0.0.1:6379 (ECONNREFUSED)
2014-10-08T15:18:20.493Z 78135 TID-oxdwsqiw4 WARN: /Library/Ruby/Gems/2.0.0/gems/redis-3.1.0/lib/redis/client.rb:309:in `rescue in establish_connection'
/Library/Ruby/Gems/2.0.0/gems/redis-3.1.0/lib/redis/client.rb:304:in `establish_connection'
/Library/Ruby/Gems/2.0.0/gems/redis-3.1.0/lib/redis/client.rb:85:in `block in connect'
/Library/Ruby/Gems/2.0.0/gems/redis-3.1.0/lib/redis/client.rb:266:in `with_reconnect'
/Library/Ruby/Gems/2.0.0/gems/redis-3.1.0/lib/redis/client.rb:84:in `connect'
/Library/Ruby/Gems/2.0.0/gems/redis-3.1.0/lib/redis/client.rb:326:in `ensure_connected'
/Library/Ruby/Gems/2.0.0/gems/redis-3.1.0/lib/redis/client.rb:197:in `block in process'
/Library/Ruby/Gems/2.0.0/gems/redis-3.1.0/lib/redis/client.rb:279:in `logging'
/Library/Ruby/Gems/2.0.0/gems/redis-3.1.0/lib/redis/client.rb:196:in `process'
/Library/Ruby/Gems/2.0.0/gems/redis-3.1.0/lib/redis/client.rb:102:in `call'
/Library/Ruby/Gems/2.0.0/gems/redis-3.1.0/lib/redis.rb:1213:in `block in scard'
/Library/Ruby/Gems/2.0.0/gems/redis-3.1.0/lib/redis.rb:37:in `block in synchronize'
/System/Library/Frameworks/Ruby.framework/Versions/2.0/usr/lib/ruby/2.0.0/monitor.rb:211:in `mon_synchronize'
/Library/Ruby/Gems/2.0.0/gems/redis-3.1.0/lib/redis.rb:37:in `synchronize'
/Library/Ruby/Gems/2.0.0/gems/redis-3.1.0/lib/redis.rb:1212:in `scard'
/Library/Ruby/Gems/2.0.0/gems/sidekiq-3.2.5/lib/sidekiq/scheduled.rb:78:in `block in poll_interval'
/Library/Ruby/Gems/2.0.0/gems/connection_pool-2.0.0/lib/connection_pool.rb:58:in `with'
/Library/Ruby/Gems/2.0.0/gems/sidekiq-3.2.5/lib/sidekiq.rb:72:in `redis'
/Library/Ruby/Gems/2.0.0/gems/sidekiq-3.2.5/lib/sidekiq/scheduled.rb:78:in `poll_interval'
/Library/Ruby/Gems/2.0.0/gems/sidekiq-3.2.5/lib/sidekiq/scheduled.rb:57:in `block in poll'
/Library/Ruby/Gems/2.0.0/gems/sidekiq-3.2.5/lib/sidekiq/util.rb:15:in `watchdog'
/Library/Ruby/Gems/2.0.0/gems/sidekiq-3.2.5/lib/sidekiq/scheduled.rb:22:in `poll'
/Library/Ruby/Gems/2.0.0/gems/celluloid-0.15.2/lib/celluloid/calls.rb:25:in `public_send'
/Library/Ruby/Gems/2.0.0/gems/celluloid-0.15.2/lib/celluloid/calls.rb:25:in `dispatch'
/Library/Ruby/Gems/2.0.0/gems/celluloid-0.15.2/lib/celluloid/calls.rb:122:in `dispatch'
/Library/Ruby/Gems/2.0.0/gems/celluloid-0.15.2/lib/celluloid/actor.rb:322:in `block in handle_message'
/Library/Ruby/Gems/2.0.0/gems/celluloid-0.15.2/lib/celluloid/actor.rb:416:in `block in task'
/Library/Ruby/Gems/2.0.0/gems/celluloid-0.15.2/lib/celluloid/tasks.rb:55:in `block in initialize'
/Library/Ruby/Gems/2.0.0/gems/celluloid-0.15.2/lib/celluloid/tasks/task_fiber.rb:13:in `block in create'
2014-10-08T15:18:20.493Z 78135 TID-oxdwnfyug WARN: Sidekiq died due to the following error, cannot recover, process exiting
2014-10-08T15:18:20.493Z 78135 TID-oxdwnfyug WARN: Error connecting to Redis on 127.0.0.1:6379 (ECONNREFUSED)
2014-10-08T15:18:20.493Z 78135 TID-oxdwnfyug WARN: /Library/Ruby/Gems/2.0.0/gems/redis-3.1.0/lib/redis/client.rb:309:in `rescue in establish_connection'
/Library/Ruby/Gems/2.0.0/gems/redis-3.1.0/lib/redis/client.rb:304:in `establish_connection'
/Library/Ruby/Gems/2.0.0/gems/redis-3.1.0/lib/redis/client.rb:85:in `block in connect'
/Library/Ruby/Gems/2.0.0/gems/redis-3.1.0/lib/redis/client.rb:266:in `with_reconnect'
/Library/Ruby/Gems/2.0.0/gems/redis-3.1.0/lib/redis/client.rb:84:in `connect'
/Library/Ruby/Gems/2.0.0/gems/redis-3.1.0/lib/redis/client.rb:326:in `ensure_connected'
/Library/Ruby/Gems/2.0.0/gems/redis-3.1.0/lib/redis/client.rb:197:in `block in process'
/Library/Ruby/Gems/2.0.0/gems/redis-3.1.0/lib/redis/client.rb:279:in `logging'
/Library/Ruby/Gems/2.0.0/gems/redis-3.1.0/lib/redis/client.rb:196:in `process'
/Library/Ruby/Gems/2.0.0/gems/redis-3.1.0/lib/redis/client.rb:102:in `call'
/Library/Ruby/Gems/2.0.0/gems/redis-3.1.0/lib/redis.rb:1213:in `block in scard'
/Library/Ruby/Gems/2.0.0/gems/redis-3.1.0/lib/redis.rb:37:in `block in synchronize'
/System/Library/Frameworks/Ruby.framework/Versions/2.0/usr/lib/ruby/2.0.0/monitor.rb:211:in `mon_synchronize'
/Library/Ruby/Gems/2.0.0/gems/redis-3.1.0/lib/redis.rb:37:in `synchronize'
/Library/Ruby/Gems/2.0.0/gems/redis-3.1.0/lib/redis.rb:1212:in `scard'
/Library/Ruby/Gems/2.0.0/gems/sidekiq-3.2.5/lib/sidekiq/scheduled.rb:78:in `block in poll_interval'
/Library/Ruby/Gems/2.0.0/gems/connection_pool-2.0.0/lib/connection_pool.rb:58:in `with'
/Library/Ruby/Gems/2.0.0/gems/sidekiq-3.2.5/lib/sidekiq.rb:72:in `redis'
/Library/Ruby/Gems/2.0.0/gems/sidekiq-3.2.5/lib/sidekiq/scheduled.rb:78:in `poll_interval'
/Library/Ruby/Gems/2.0.0/gems/sidekiq-3.2.5/lib/sidekiq/scheduled.rb:57:in `block in poll'
/Library/Ruby/Gems/2.0.0/gems/sidekiq-3.2.5/lib/sidekiq/util.rb:15:in `watchdog'
/Library/Ruby/Gems/2.0.0/gems/sidekiq-3.2.5/lib/sidekiq/scheduled.rb:22:in `poll'
/Library/Ruby/Gems/2.0.0/gems/celluloid-0.15.2/lib/celluloid/calls.rb:25:in `public_send'
/Library/Ruby/Gems/2.0.0/gems/celluloid-0.15.2/lib/celluloid/calls.rb:25:in `dispatch'
/Library/Ruby/Gems/2.0.0/gems/celluloid-0.15.2/lib/celluloid/calls.rb:122:in `dispatch'
/Library/Ruby/Gems/2.0.0/gems/celluloid-0.15.2/lib/celluloid/actor.rb:322:in `block in handle_message'
/Library/Ruby/Gems/2.0.0/gems/celluloid-0.15.2/lib/celluloid/actor.rb:416:in `block in task'
/Library/Ruby/Gems/2.0.0/gems/celluloid-0.15.2/lib/celluloid/tasks.rb:55:in `block in initialize'
/Library/Ruby/Gems/2.0.0/gems/celluloid-0.15.2/lib/celluloid/tasks/task_fiber.rb:13:in `block in create'
